

Started GET "/" for ::1 at 2015-07-29 09:46:56 -0700
Processing by WelcomeController#index as HTML
  Rendered welcome/index.html.erb within layouts/application (0.9ms)
Completed 200 OK in 1442ms (Views: 1433.9ms | ActiveRecord: 0.0ms)


Started GET "/" for ::1 at 2015-07-29 09:46:57 -0700
Processing by WelcomeController#index as HTML
  Rendered welcome/index.html.erb within layouts/application (0.0ms)
Completed 200 OK in 45ms (Views: 44.5ms | ActiveRecord: 0.0ms)


Started GET "/assets/welcome.self-95187c00469fa1009d9a50ed8f80d584fa0f4d2476e3c87cf02742ddffb0053c.css?body=1" for ::1 at 2015-07-29 09:46:57 -0700


Started GET "/" for ::1 at 2015-07-29 09:47:18 -0700
Processing by WelcomeController#index as HTML
  Rendered welcome/index.html.erb within layouts/application (0.8ms)
Completed 200 OK in 40ms (Views: 39.3ms | ActiveRecord: 0.0ms)


Started GET "/assets/welcome.self-95187c00469fa1009d9a50ed8f80d584fa0f4d2476e3c87cf02742ddffb0053c.css?body=1" for ::1 at 2015-07-29 09:47:18 -0700


Started GET "/assets/application.self-e80e8f2318043e8af94dddc2adad5a4f09739a8ebb323b3ab31cd71d45fd9113.css?body=1" for ::1 at 2015-07-29 09:47:18 -0700


Started GET "/assets/welcome.self-877aef30ae1b040ab8a3aba4e3e309a11d7f2612f44dde450b5c157aa5f95c05.js?body=1" for ::1 at 2015-07-29 09:47:18 -0700


Started GET "/assets/turbolinks.self-c37727e9bd6b2735da5c311aa83fead54ed0be6cc8bd9a65309e9c5abe2cbfff.js?body=1" for ::1 at 2015-07-29 09:47:18 -0700


Started GET "/assets/jquery_ujs.self-ca5248a2fad13d6bd58ea121318d642f195f0b2dd818b30615f785ff365e8d1f.js?body=1" for ::1 at 2015-07-29 09:47:18 -0700


Started GET "/assets/jquery.self-d03a5518f45df77341bdbe6201ba3bfa547ebba8ed64f0ea56bfa5f96ea7c074.js?body=1" for ::1 at 2015-07-29 09:47:18 -0700


Started GET "/assets/application.self-3b8dabdc891efe46b9a144b400ad69e37d7e5876bdc39dee783419a69d7ca819.js?body=1" for ::1 at 2015-07-29 09:47:18 -0700


Started GET "/" for ::1 at 2015-07-29 09:47:38 -0700
Processing by WelcomeController#index as HTML
  Rendered welcome/index.html.erb within layouts/application (0.0ms)
Completed 200 OK in 53ms (Views: 52.7ms | ActiveRecord: 0.0ms)


Started GET "/assets/welcome.self-c822c1b0cf7e9fab2eeaa387ee2cc71d9ab9f373baa955f0e407fc8369a967b1.css?body=1" for ::1 at 2015-07-29 09:47:38 -0700


Started GET "/assets/application.self-e80e8f2318043e8af94dddc2adad5a4f09739a8ebb323b3ab31cd71d45fd9113.css?body=1" for ::1 at 2015-07-29 09:47:38 -0700


Started GET "/assets/turbolinks.self-c37727e9bd6b2735da5c311aa83fead54ed0be6cc8bd9a65309e9c5abe2cbfff.js?body=1" for ::1 at 2015-07-29 09:47:38 -0700


Started GET "/assets/welcome.self-877aef30ae1b040ab8a3aba4e3e309a11d7f2612f44dde450b5c157aa5f95c05.js?body=1" for ::1 at 2015-07-29 09:47:38 -0700


Started GET "/assets/jquery_ujs.self-ca5248a2fad13d6bd58ea121318d642f195f0b2dd818b30615f785ff365e8d1f.js?body=1" for ::1 at 2015-07-29 09:47:38 -0700


Started GET "/assets/jquery.self-d03a5518f45df77341bdbe6201ba3bfa547ebba8ed64f0ea56bfa5f96ea7c074.js?body=1" for ::1 at 2015-07-29 09:47:38 -0700


Started GET "/assets/application.self-3b8dabdc891efe46b9a144b400ad69e37d7e5876bdc39dee783419a69d7ca819.js?body=1" for ::1 at 2015-07-29 09:47:38 -0700


Started GET "/" for ::1 at 2015-07-29 09:48:08 -0700
Processing by WelcomeController#index as HTML
  Rendered welcome/index.html.erb within layouts/application (0.4ms)
Completed 200 OK in 25ms (Views: 24.3ms | ActiveRecord: 0.0ms)


Started GET "/assets/welcome.self-c822c1b0cf7e9fab2eeaa387ee2cc71d9ab9f373baa955f0e407fc8369a967b1.css?body=1" for ::1 at 2015-07-29 09:48:09 -0700


Started GET "/assets/turbolinks.self-c37727e9bd6b2735da5c311aa83fead54ed0be6cc8bd9a65309e9c5abe2cbfff.js?body=1" for ::1 at 2015-07-29 09:48:09 -0700


Started GET "/assets/welcome.self-877aef30ae1b040ab8a3aba4e3e309a11d7f2612f44dde450b5c157aa5f95c05.js?body=1" for ::1 at 2015-07-29 09:48:09 -0700


Started GET "/assets/jquery.self-d03a5518f45df77341bdbe6201ba3bfa547ebba8ed64f0ea56bfa5f96ea7c074.js?body=1" for ::1 at 2015-07-29 09:48:09 -0700


Started GET "/assets/application.self-e80e8f2318043e8af94dddc2adad5a4f09739a8ebb323b3ab31cd71d45fd9113.css?body=1" for ::1 at 2015-07-29 09:48:09 -0700


Started GET "/assets/jquery_ujs.self-ca5248a2fad13d6bd58ea121318d642f195f0b2dd818b30615f785ff365e8d1f.js?body=1" for ::1 at 2015-07-29 09:48:09 -0700


Started GET "/assets/application.self-3b8dabdc891efe46b9a144b400ad69e37d7e5876bdc39dee783419a69d7ca819.js?body=1" for ::1 at 2015-07-29 09:48:09 -0700


Started GET "/" for ::1 at 2015-07-29 09:59:06 -0700
Processing by WelcomeController#index as HTML
  Rendered welcome/index.html.erb within layouts/application (2.2ms)
Completed 200 OK in 440ms (Views: 430.2ms | ActiveRecord: 0.0ms)


Started GET "/assets/application.self-8a598ed73c783b604d4fa2e008da3397850ee93e0474a8316a29a0f83d5534f7.css?body=1" for ::1 at 2015-07-29 09:59:07 -0700


Started GET "/assets/turbolinks.self-c37727e9bd6b2735da5c311aa83fead54ed0be6cc8bd9a65309e9c5abe2cbfff.js?body=1" for ::1 at 2015-07-29 09:59:07 -0700


Started GET "/assets/jquery.self-d03a5518f45df77341bdbe6201ba3bfa547ebba8ed64f0ea56bfa5f96ea7c074.js?body=1" for ::1 at 2015-07-29 09:59:07 -0700


Started GET "/assets/jquery_ujs.self-ca5248a2fad13d6bd58ea121318d642f195f0b2dd818b30615f785ff365e8d1f.js?body=1" for ::1 at 2015-07-29 09:59:07 -0700


Started GET "/assets/bootstrap.self-2bbd2c0465f01b1f8270958ddfc2e62a08915f295a35d22df2971eb936cf3c64.js?body=1" for ::1 at 2015-07-29 09:59:07 -0700


Started GET "/assets/welcome.self-877aef30ae1b040ab8a3aba4e3e309a11d7f2612f44dde450b5c157aa5f95c05.js?body=1" for ::1 at 2015-07-29 09:59:07 -0700


Started GET "/assets/application.self-f8806224e027f3e3f0138ea9ce99319e298dfdb323304d1f1be6eae8e8c74724.js?body=1" for ::1 at 2015-07-29 09:59:07 -0700


Started GET "/assets/bootstrap-sprockets" for ::1 at 2015-07-29 09:59:07 -0700


Started GET "/assets/bootstrap" for ::1 at 2015-07-29 09:59:07 -0700


Started GET "/" for ::1 at 2015-07-29 10:00:02 -0700
Processing by WelcomeController#index as HTML
  Rendered welcome/index.html.erb within layouts/application (0.0ms)
Completed 200 OK in 2881ms (Views: 2880.7ms | ActiveRecord: 0.0ms)


Started GET "/assets/application.self-691f90e3f32ac35b59296b0f4700a72597bf0e60b97b76e806ac8c88b7c73dca.css?body=1" for ::1 at 2015-07-29 10:00:05 -0700


Started GET "/assets/turbolinks.self-c37727e9bd6b2735da5c311aa83fead54ed0be6cc8bd9a65309e9c5abe2cbfff.js?body=1" for ::1 at 2015-07-29 10:00:05 -0700


Started GET "/assets/jquery.self-d03a5518f45df77341bdbe6201ba3bfa547ebba8ed64f0ea56bfa5f96ea7c074.js?body=1" for ::1 at 2015-07-29 10:00:05 -0700


Started GET "/assets/bootstrap.self-2bbd2c0465f01b1f8270958ddfc2e62a08915f295a35d22df2971eb936cf3c64.js?body=1" for ::1 at 2015-07-29 10:00:05 -0700


Started GET "/assets/jquery_ujs.self-ca5248a2fad13d6bd58ea121318d642f195f0b2dd818b30615f785ff365e8d1f.js?body=1" for ::1 at 2015-07-29 10:00:05 -0700


Started GET "/assets/welcome.self-877aef30ae1b040ab8a3aba4e3e309a11d7f2612f44dde450b5c157aa5f95c05.js?body=1" for ::1 at 2015-07-29 10:00:05 -0700


Started GET "/assets/application.self-f8806224e027f3e3f0138ea9ce99319e298dfdb323304d1f1be6eae8e8c74724.js?body=1" for ::1 at 2015-07-29 10:00:05 -0700


Started GET "/" for ::1 at 2015-07-29 10:02:08 -0700
Processing by WelcomeController#index as HTML
  Rendered welcome/index.html.erb within layouts/application (0.0ms)
Completed 200 OK in 1428ms (Views: 1427.4ms | ActiveRecord: 0.0ms)


Started GET "/assets/turbolinks.self-c37727e9bd6b2735da5c311aa83fead54ed0be6cc8bd9a65309e9c5abe2cbfff.js?body=1" for ::1 at 2015-07-29 10:02:10 -0700


Started GET "/assets/bootstrap.self-2bbd2c0465f01b1f8270958ddfc2e62a08915f295a35d22df2971eb936cf3c64.js?body=1" for ::1 at 2015-07-29 10:02:10 -0700


Started GET "/assets/application.self-449b61d93eec524ce28e0dd8748d97b86bf4a9d719fbdc593f3e157c4c715fe7.css?body=1" for ::1 at 2015-07-29 10:02:10 -0700


Started GET "/assets/welcome.self-877aef30ae1b040ab8a3aba4e3e309a11d7f2612f44dde450b5c157aa5f95c05.js?body=1" for ::1 at 2015-07-29 10:02:10 -0700


Started GET "/assets/jquery_ujs.self-ca5248a2fad13d6bd58ea121318d642f195f0b2dd818b30615f785ff365e8d1f.js?body=1" for ::1 at 2015-07-29 10:02:10 -0700


Started GET "/assets/jquery.self-d03a5518f45df77341bdbe6201ba3bfa547ebba8ed64f0ea56bfa5f96ea7c074.js?body=1" for ::1 at 2015-07-29 10:02:10 -0700


Started GET "/assets/application.self-f8806224e027f3e3f0138ea9ce99319e298dfdb323304d1f1be6eae8e8c74724.js?body=1" for ::1 at 2015-07-29 10:02:10 -0700


Started GET "/" for ::1 at 2015-07-29 10:03:21 -0700
Processing by WelcomeController#index as HTML
  Rendered welcome/index.html.erb within layouts/application (0.0ms)
Completed 200 OK in 1552ms (Views: 1551.4ms | ActiveRecord: 0.0ms)


Started GET "/assets/application.self-207e04797aaa83a8441c81e36a983560d71265c5abdb08f95813e9546b8ac7c4.css?body=1" for ::1 at 2015-07-29 10:03:23 -0700


Started GET "/assets/bootstrap.self-2bbd2c0465f01b1f8270958ddfc2e62a08915f295a35d22df2971eb936cf3c64.js?body=1" for ::1 at 2015-07-29 10:03:23 -0700


Started GET "/assets/jquery.self-d03a5518f45df77341bdbe6201ba3bfa547ebba8ed64f0ea56bfa5f96ea7c074.js?body=1" for ::1 at 2015-07-29 10:03:23 -0700


Started GET "/assets/welcome.self-877aef30ae1b040ab8a3aba4e3e309a11d7f2612f44dde450b5c157aa5f95c05.js?body=1" for ::1 at 2015-07-29 10:03:23 -0700


Started GET "/assets/jquery_ujs.self-ca5248a2fad13d6bd58ea121318d642f195f0b2dd818b30615f785ff365e8d1f.js?body=1" for ::1 at 2015-07-29 10:03:23 -0700


Started GET "/assets/turbolinks.self-c37727e9bd6b2735da5c311aa83fead54ed0be6cc8bd9a65309e9c5abe2cbfff.js?body=1" for ::1 at 2015-07-29 10:03:23 -0700


Started GET "/assets/application.self-f8806224e027f3e3f0138ea9ce99319e298dfdb323304d1f1be6eae8e8c74724.js?body=1" for ::1 at 2015-07-29 10:03:23 -0700


Started GET "/" for ::1 at 2015-07-29 10:03:51 -0700
Processing by WelcomeController#index as HTML
  Rendered welcome/index.html.erb within layouts/application (0.1ms)
Completed 200 OK in 1354ms (Views: 1353.2ms | ActiveRecord: 0.0ms)


Started GET "/assets/application.self-069a7a0d54ca0ed259821088019caf900c123973db98c980edf7db0bbe9b3dbf.css?body=1" for ::1 at 2015-07-29 10:03:52 -0700


Started GET "/assets/jquery.self-d03a5518f45df77341bdbe6201ba3bfa547ebba8ed64f0ea56bfa5f96ea7c074.js?body=1" for ::1 at 2015-07-29 10:03:52 -0700


Started GET "/assets/bootstrap.self-2bbd2c0465f01b1f8270958ddfc2e62a08915f295a35d22df2971eb936cf3c64.js?body=1" for ::1 at 2015-07-29 10:03:52 -0700


Started GET "/assets/jquery_ujs.self-ca5248a2fad13d6bd58ea121318d642f195f0b2dd818b30615f785ff365e8d1f.js?body=1" for ::1 at 2015-07-29 10:03:52 -0700


Started GET "/assets/welcome.self-877aef30ae1b040ab8a3aba4e3e309a11d7f2612f44dde450b5c157aa5f95c05.js?body=1" for ::1 at 2015-07-29 10:03:52 -0700


Started GET "/assets/turbolinks.self-c37727e9bd6b2735da5c311aa83fead54ed0be6cc8bd9a65309e9c5abe2cbfff.js?body=1" for ::1 at 2015-07-29 10:03:52 -0700


Started GET "/assets/application.self-f8806224e027f3e3f0138ea9ce99319e298dfdb323304d1f1be6eae8e8c74724.js?body=1" for ::1 at 2015-07-29 10:03:52 -0700


Started GET "/" for ::1 at 2015-07-29 10:04:11 -0700
Processing by WelcomeController#index as HTML
  Rendered welcome/index.html.erb within layouts/application (0.1ms)
Completed 200 OK in 1430ms (Views: 1429.6ms | ActiveRecord: 0.0ms)


Started GET "/assets/application.self-5ea55be03594321f095984e1f37ce8e6f715aee0a5ddeb453dde71a01743011e.css?body=1" for ::1 at 2015-07-29 10:04:13 -0700


Started GET "/assets/welcome.self-877aef30ae1b040ab8a3aba4e3e309a11d7f2612f44dde450b5c157aa5f95c05.js?body=1" for ::1 at 2015-07-29 10:04:13 -0700


Started GET "/assets/bootstrap.self-2bbd2c0465f01b1f8270958ddfc2e62a08915f295a35d22df2971eb936cf3c64.js?body=1" for ::1 at 2015-07-29 10:04:13 -0700


Started GET "/assets/jquery.self-d03a5518f45df77341bdbe6201ba3bfa547ebba8ed64f0ea56bfa5f96ea7c074.js?body=1" for ::1 at 2015-07-29 10:04:13 -0700


Started GET "/assets/jquery_ujs.self-ca5248a2fad13d6bd58ea121318d642f195f0b2dd818b30615f785ff365e8d1f.js?body=1" for ::1 at 2015-07-29 10:04:13 -0700


Started GET "/assets/turbolinks.self-c37727e9bd6b2735da5c311aa83fead54ed0be6cc8bd9a65309e9c5abe2cbfff.js?body=1" for ::1 at 2015-07-29 10:04:13 -0700


Started GET "/assets/application.self-f8806224e027f3e3f0138ea9ce99319e298dfdb323304d1f1be6eae8e8c74724.js?body=1" for ::1 at 2015-07-29 10:04:13 -0700


Started GET "/" for ::1 at 2015-07-29 10:04:32 -0700
Processing by WelcomeController#index as HTML
  Rendered welcome/index.html.erb within layouts/application (0.0ms)
Completed 200 OK in 1418ms (Views: 1416.9ms | ActiveRecord: 0.0ms)


Started GET "/assets/jquery.self-d03a5518f45df77341bdbe6201ba3bfa547ebba8ed64f0ea56bfa5f96ea7c074.js?body=1" for ::1 at 2015-07-29 10:04:33 -0700


Started GET "/assets/application.self-6b7371bc44711d72042eece87316946c460a4a626a86bc27b1df83eb3e3872ca.css?body=1" for ::1 at 2015-07-29 10:04:33 -0700


Started GET "/assets/turbolinks.self-c37727e9bd6b2735da5c311aa83fead54ed0be6cc8bd9a65309e9c5abe2cbfff.js?body=1" for ::1 at 2015-07-29 10:04:33 -0700


Started GET "/assets/bootstrap.self-2bbd2c0465f01b1f8270958ddfc2e62a08915f295a35d22df2971eb936cf3c64.js?body=1" for ::1 at 2015-07-29 10:04:33 -0700


Started GET "/assets/jquery_ujs.self-ca5248a2fad13d6bd58ea121318d642f195f0b2dd818b30615f785ff365e8d1f.js?body=1" for ::1 at 2015-07-29 10:04:33 -0700


Started GET "/assets/welcome.self-877aef30ae1b040ab8a3aba4e3e309a11d7f2612f44dde450b5c157aa5f95c05.js?body=1" for ::1 at 2015-07-29 10:04:33 -0700


Started GET "/assets/application.self-f8806224e027f3e3f0138ea9ce99319e298dfdb323304d1f1be6eae8e8c74724.js?body=1" for ::1 at 2015-07-29 10:04:33 -0700


Started GET "/" for ::1 at 2015-07-29 10:05:11 -0700
Processing by WelcomeController#index as HTML
  Rendered welcome/index.html.erb within layouts/application (0.0ms)
Completed 200 OK in 1408ms (Views: 1407.5ms | ActiveRecord: 0.0ms)


Started GET "/assets/application.self-c25945e09371d39a01a0deeaf148802569ee1744528396afb91eb3c72ccd43d7.css?body=1" for ::1 at 2015-07-29 10:05:13 -0700


Started GET "/assets/jquery.self-d03a5518f45df77341bdbe6201ba3bfa547ebba8ed64f0ea56bfa5f96ea7c074.js?body=1" for ::1 at 2015-07-29 10:05:13 -0700


Started GET "/assets/jquery_ujs.self-ca5248a2fad13d6bd58ea121318d642f195f0b2dd818b30615f785ff365e8d1f.js?body=1" for ::1 at 2015-07-29 10:05:13 -0700


Started GET "/assets/turbolinks.self-c37727e9bd6b2735da5c311aa83fead54ed0be6cc8bd9a65309e9c5abe2cbfff.js?body=1" for ::1 at 2015-07-29 10:05:13 -0700


Started GET "/assets/bootstrap.self-2bbd2c0465f01b1f8270958ddfc2e62a08915f295a35d22df2971eb936cf3c64.js?body=1" for ::1 at 2015-07-29 10:05:13 -0700


Started GET "/assets/application.self-f8806224e027f3e3f0138ea9ce99319e298dfdb323304d1f1be6eae8e8c74724.js?body=1" for ::1 at 2015-07-29 10:05:13 -0700


Started GET "/assets/welcome.self-877aef30ae1b040ab8a3aba4e3e309a11d7f2612f44dde450b5c157aa5f95c05.js?body=1" for ::1 at 2015-07-29 10:05:13 -0700


Started GET "/" for ::1 at 2015-07-29 10:06:10 -0700
Processing by WelcomeController#index as HTML
  Rendered welcome/index.html.erb within layouts/application (0.3ms)
Completed 200 OK in 38ms (Views: 37.1ms | ActiveRecord: 0.0ms)


Started GET "/assets/application.self-c25945e09371d39a01a0deeaf148802569ee1744528396afb91eb3c72ccd43d7.css?body=1" for ::1 at 2015-07-29 10:06:10 -0700


Started GET "/assets/jquery.self-d03a5518f45df77341bdbe6201ba3bfa547ebba8ed64f0ea56bfa5f96ea7c074.js?body=1" for ::1 at 2015-07-29 10:06:10 -0700


Started GET "/assets/welcome.self-877aef30ae1b040ab8a3aba4e3e309a11d7f2612f44dde450b5c157aa5f95c05.js?body=1" for ::1 at 2015-07-29 10:06:10 -0700


Started GET "/assets/turbolinks.self-c37727e9bd6b2735da5c311aa83fead54ed0be6cc8bd9a65309e9c5abe2cbfff.js?body=1" for ::1 at 2015-07-29 10:06:10 -0700


Started GET "/assets/bootstrap.self-2bbd2c0465f01b1f8270958ddfc2e62a08915f295a35d22df2971eb936cf3c64.js?body=1" for ::1 at 2015-07-29 10:06:10 -0700


Started GET "/assets/jquery_ujs.self-ca5248a2fad13d6bd58ea121318d642f195f0b2dd818b30615f785ff365e8d1f.js?body=1" for ::1 at 2015-07-29 10:06:10 -0700


Started GET "/assets/application.self-f8806224e027f3e3f0138ea9ce99319e298dfdb323304d1f1be6eae8e8c74724.js?body=1" for ::1 at 2015-07-29 10:06:10 -0700


Started GET "/" for ::1 at 2015-07-29 10:07:15 -0700
Processing by WelcomeController#index as HTML
  Rendered welcome/index.html.erb within layouts/application (0.0ms)
Completed 200 OK in 38ms (Views: 37.7ms | ActiveRecord: 0.0ms)


Started GET "/assets/application.self-c25945e09371d39a01a0deeaf148802569ee1744528396afb91eb3c72ccd43d7.css?body=1" for ::1 at 2015-07-29 10:07:15 -0700


Started GET "/assets/jquery.self-d03a5518f45df77341bdbe6201ba3bfa547ebba8ed64f0ea56bfa5f96ea7c074.js?body=1" for ::1 at 2015-07-29 10:07:15 -0700


Started GET "/assets/welcome.self-877aef30ae1b040ab8a3aba4e3e309a11d7f2612f44dde450b5c157aa5f95c05.js?body=1" for ::1 at 2015-07-29 10:07:15 -0700


Started GET "/assets/bootstrap.self-2bbd2c0465f01b1f8270958ddfc2e62a08915f295a35d22df2971eb936cf3c64.js?body=1" for ::1 at 2015-07-29 10:07:15 -0700


Started GET "/assets/jquery_ujs.self-ca5248a2fad13d6bd58ea121318d642f195f0b2dd818b30615f785ff365e8d1f.js?body=1" for ::1 at 2015-07-29 10:07:15 -0700


Started GET "/assets/turbolinks.self-c37727e9bd6b2735da5c311aa83fead54ed0be6cc8bd9a65309e9c5abe2cbfff.js?body=1" for ::1 at 2015-07-29 10:07:15 -0700


Started GET "/assets/application.self-f8806224e027f3e3f0138ea9ce99319e298dfdb323304d1f1be6eae8e8c74724.js?body=1" for ::1 at 2015-07-29 10:07:15 -0700


Started GET "/" for ::1 at 2015-07-29 10:07:28 -0700
Processing by WelcomeController#index as HTML
  Rendered welcome/index.html.erb within layouts/application (0.0ms)
Completed 200 OK in 1434ms (Views: 1433.0ms | ActiveRecord: 0.0ms)


Started GET "/" for ::1 at 2015-07-29 10:07:40 -0700
Processing by WelcomeController#index as HTML
  Rendered welcome/index.html.erb within layouts/application (0.1ms)
Completed 200 OK in 36ms (Views: 35.7ms | ActiveRecord: 0.0ms)


Started GET "/assets/application.self-142439f650cfc88b44d024fea871c030698486abede771b845219583d2cb8424.css?body=1" for ::1 at 2015-07-29 10:07:40 -0700


Started GET "/" for ::1 at 2015-07-29 10:15:51 -0700
Processing by WelcomeController#index as HTML
  Rendered welcome/index.html.erb within layouts/application (0.0ms)
Completed 500 Internal Server Error in 4ms (ActiveRecord: 0.0ms)

SyntaxError (/Users/icarus/code/wikipedia/app/views/layouts/application.html.erb:22: syntax error, unexpected keyword_ensure, expecting end-of-input):
  app/views/layouts/application.html.erb:22: syntax error, unexpected keyword_ensure, expecting end-of-input


  Rendered /Users/icarus/.rvm/gems/ruby-2.2.1/gems/actionpack-4.2.1/lib/action_dispatch/middleware/templates/rescues/_source.erb (5.2ms)
  Rendered /Users/icarus/.rvm/gems/ruby-2.2.1/gems/actionpack-4.2.1/lib/action_dispatch/middleware/templates/rescues/_trace.html.erb (2.8ms)
  Rendered /Users/icarus/.rvm/gems/ruby-2.2.1/gems/actionpack-4.2.1/lib/action_dispatch/middleware/templates/rescues/_request_and_response.html.erb (1.2ms)
  Rendered /Users/icarus/.rvm/gems/ruby-2.2.1/gems/actionpack-4.2.1/lib/action_dispatch/middleware/templates/rescues/diagnostics.html.erb within rescues/layout (58.3ms)
  Rendered /Users/icarus/.rvm/gems/ruby-2.2.1/gems/web-console-2.2.1/lib/web_console/templates/_markup.html.erb (0.7ms)
  Rendered /Users/icarus/.rvm/gems/ruby-2.2.1/gems/web-console-2.2.1/lib/web_console/templates/_inner_console_markup.html.erb within layouts/inlined_string (0.5ms)
  Rendered /Users/icarus/.rvm/gems/ruby-2.2.1/gems/web-console-2.2.1/lib/web_console/templates/_prompt_box_markup.html.erb within layouts/inlined_string (0.3ms)
  Rendered /Users/icarus/.rvm/gems/ruby-2.2.1/gems/web-console-2.2.1/lib/web_console/templates/style.css.erb within layouts/inlined_string (0.3ms)
  Rendered /Users/icarus/.rvm/gems/ruby-2.2.1/gems/web-console-2.2.1/lib/web_console/templates/console.js.erb within layouts/javascript (48.8ms)
  Rendered /Users/icarus/.rvm/gems/ruby-2.2.1/gems/web-console-2.2.1/lib/web_console/templates/main.js.erb within layouts/javascript (0.3ms)
  Rendered /Users/icarus/.rvm/gems/ruby-2.2.1/gems/web-console-2.2.1/lib/web_console/templates/error_page.js.erb within layouts/javascript (0.3ms)
  Rendered /Users/icarus/.rvm/gems/ruby-2.2.1/gems/web-console-2.2.1/lib/web_console/templates/index.html.erb (109.5ms)


Started GET "/" for ::1 at 2015-07-29 10:17:05 -0700
Processing by WelcomeController#index as HTML
  Rendered welcome/index.html.erb within layouts/application (0.3ms)
Completed 500 Internal Server Error in 4ms (ActiveRecord: 0.0ms)

SyntaxError (/Users/icarus/code/wikipedia/app/views/layouts/application.html.erb:22: syntax error, unexpected keyword_ensure, expecting end-of-input):
  app/views/layouts/application.html.erb:22: syntax error, unexpected keyword_ensure, expecting end-of-input


  Rendered /Users/icarus/.rvm/gems/ruby-2.2.1/gems/actionpack-4.2.1/lib/action_dispatch/middleware/templates/rescues/_source.erb (5.7ms)
  Rendered /Users/icarus/.rvm/gems/ruby-2.2.1/gems/actionpack-4.2.1/lib/action_dispatch/middleware/templates/rescues/_trace.html.erb (2.3ms)
  Rendered /Users/icarus/.rvm/gems/ruby-2.2.1/gems/actionpack-4.2.1/lib/action_dispatch/middleware/templates/rescues/_request_and_response.html.erb (0.8ms)
  Rendered /Users/icarus/.rvm/gems/ruby-2.2.1/gems/actionpack-4.2.1/lib/action_dispatch/middleware/templates/rescues/diagnostics.html.erb within rescues/layout (47.3ms)
  Rendered /Users/icarus/.rvm/gems/ruby-2.2.1/gems/web-console-2.2.1/lib/web_console/templates/_markup.html.erb (0.3ms)
  Rendered /Users/icarus/.rvm/gems/ruby-2.2.1/gems/web-console-2.2.1/lib/web_console/templates/_inner_console_markup.html.erb within layouts/inlined_string (0.4ms)
  Rendered /Users/icarus/.rvm/gems/ruby-2.2.1/gems/web-console-2.2.1/lib/web_console/templates/_prompt_box_markup.html.erb within layouts/inlined_string (0.3ms)
  Rendered /Users/icarus/.rvm/gems/ruby-2.2.1/gems/web-console-2.2.1/lib/web_console/templates/style.css.erb within layouts/inlined_string (0.3ms)
  Rendered /Users/icarus/.rvm/gems/ruby-2.2.1/gems/web-console-2.2.1/lib/web_console/templates/console.js.erb within layouts/javascript (40.0ms)
  Rendered /Users/icarus/.rvm/gems/ruby-2.2.1/gems/web-console-2.2.1/lib/web_console/templates/main.js.erb within layouts/javascript (0.3ms)
  Rendered /Users/icarus/.rvm/gems/ruby-2.2.1/gems/web-console-2.2.1/lib/web_console/templates/error_page.js.erb within layouts/javascript (0.4ms)
  Rendered /Users/icarus/.rvm/gems/ruby-2.2.1/gems/web-console-2.2.1/lib/web_console/templates/index.html.erb (85.4ms)


Started GET "/" for ::1 at 2015-07-29 10:17:57 -0700
Processing by WelcomeController#index as HTML
  Rendered welcome/index.html.erb within layouts/application (0.0ms)
Completed 500 Internal Server Error in 47ms (ActiveRecord: 0.0ms)

ActionView::Template::Error (undefined local variable or method `new_user_session_path' for #<#<Class:0x007f80c2f1bce8>:0x007f80cc028dd0>):
    10: <body>
    11:  <div class="container">
    12:   <ul class="nav nav-tabs">
    13:      <%= link_to "Sign In", new_user_session_path %> or
    14:             <%= link_to "Sign Up", new_user_registration_path %>
    15:              
    16:     </div>
  app/views/layouts/application.html.erb:13:in `_app_views_layouts_application_html_erb__2215298524479311613_70095512276540'


  Rendered /Users/icarus/.rvm/gems/ruby-2.2.1/gems/actionpack-4.2.1/lib/action_dispatch/middleware/templates/rescues/_source.erb (5.2ms)
  Rendered /Users/icarus/.rvm/gems/ruby-2.2.1/gems/actionpack-4.2.1/lib/action_dispatch/middleware/templates/rescues/_trace.html.erb (1.9ms)
  Rendered /Users/icarus/.rvm/gems/ruby-2.2.1/gems/actionpack-4.2.1/lib/action_dispatch/middleware/templates/rescues/_request_and_response.html.erb (0.7ms)
  Rendered /Users/icarus/.rvm/gems/ruby-2.2.1/gems/actionpack-4.2.1/lib/action_dispatch/middleware/templates/rescues/template_error.html.erb within rescues/layout (46.5ms)
  Rendered /Users/icarus/.rvm/gems/ruby-2.2.1/gems/web-console-2.2.1/lib/web_console/templates/_markup.html.erb (0.4ms)
  Rendered /Users/icarus/.rvm/gems/ruby-2.2.1/gems/web-console-2.2.1/lib/web_console/templates/_inner_console_markup.html.erb within layouts/inlined_string (0.4ms)
  Rendered /Users/icarus/.rvm/gems/ruby-2.2.1/gems/web-console-2.2.1/lib/web_console/templates/_prompt_box_markup.html.erb within layouts/inlined_string (0.3ms)
  Rendered /Users/icarus/.rvm/gems/ruby-2.2.1/gems/web-console-2.2.1/lib/web_console/templates/style.css.erb within layouts/inlined_string (0.3ms)
  Rendered /Users/icarus/.rvm/gems/ruby-2.2.1/gems/web-console-2.2.1/lib/web_console/templates/console.js.erb within layouts/javascript (38.8ms)
  Rendered /Users/icarus/.rvm/gems/ruby-2.2.1/gems/web-console-2.2.1/lib/web_console/templates/main.js.erb within layouts/javascript (0.3ms)
  Rendered /Users/icarus/.rvm/gems/ruby-2.2.1/gems/web-console-2.2.1/lib/web_console/templates/error_page.js.erb within layouts/javascript (0.6ms)
  Rendered /Users/icarus/.rvm/gems/ruby-2.2.1/gems/web-console-2.2.1/lib/web_console/templates/index.html.erb (85.1ms)


Started GET "/" for ::1 at 2015-07-29 10:18:29 -0700
Processing by WelcomeController#index as HTML
  Rendered welcome/index.html.erb within layouts/application (0.1ms)
Completed 200 OK in 40ms (Views: 39.9ms | ActiveRecord: 0.0ms)


Started GET "/assets/application.self-142439f650cfc88b44d024fea871c030698486abede771b845219583d2cb8424.css?body=1" for ::1 at 2015-07-29 10:18:29 -0700


Started GET "/assets/jquery.self-d03a5518f45df77341bdbe6201ba3bfa547ebba8ed64f0ea56bfa5f96ea7c074.js?body=1" for ::1 at 2015-07-29 10:18:29 -0700


Started GET "/assets/bootstrap.self-2bbd2c0465f01b1f8270958ddfc2e62a08915f295a35d22df2971eb936cf3c64.js?body=1" for ::1 at 2015-07-29 10:18:29 -0700


Started GET "/assets/jquery_ujs.self-ca5248a2fad13d6bd58ea121318d642f195f0b2dd818b30615f785ff365e8d1f.js?body=1" for ::1 at 2015-07-29 10:18:29 -0700


Started GET "/assets/welcome.self-877aef30ae1b040ab8a3aba4e3e309a11d7f2612f44dde450b5c157aa5f95c05.js?body=1" for ::1 at 2015-07-29 10:18:29 -0700


Started GET "/assets/turbolinks.self-c37727e9bd6b2735da5c311aa83fead54ed0be6cc8bd9a65309e9c5abe2cbfff.js?body=1" for ::1 at 2015-07-29 10:18:29 -0700


Started GET "/assets/application.self-f8806224e027f3e3f0138ea9ce99319e298dfdb323304d1f1be6eae8e8c74724.js?body=1" for ::1 at 2015-07-29 10:18:29 -0700


Started GET "/" for ::1 at 2015-07-29 10:23:29 -0700
Processing by WelcomeController#index as HTML
  Rendered welcome/index.html.erb within layouts/application (0.3ms)
Completed 200 OK in 1538ms (Views: 1536.9ms | ActiveRecord: 0.0ms)


Started GET "/assets/application.self-befa06850df6bde798ee4ca19e84abb19dcda2347a2adbc8556525e42cb37c63.css?body=1" for ::1 at 2015-07-29 10:23:31 -0700


Started GET "/assets/bootstrap.self-2bbd2c0465f01b1f8270958ddfc2e62a08915f295a35d22df2971eb936cf3c64.js?body=1" for ::1 at 2015-07-29 10:23:31 -0700


Started GET "/assets/turbolinks.self-c37727e9bd6b2735da5c311aa83fead54ed0be6cc8bd9a65309e9c5abe2cbfff.js?body=1" for ::1 at 2015-07-29 10:23:31 -0700


Started GET "/assets/jquery.self-d03a5518f45df77341bdbe6201ba3bfa547ebba8ed64f0ea56bfa5f96ea7c074.js?body=1" for ::1 at 2015-07-29 10:23:31 -0700


Started GET "/assets/welcome.self-877aef30ae1b040ab8a3aba4e3e309a11d7f2612f44dde450b5c157aa5f95c05.js?body=1" for ::1 at 2015-07-29 10:23:31 -0700


Started GET "/assets/jquery_ujs.self-ca5248a2fad13d6bd58ea121318d642f195f0b2dd818b30615f785ff365e8d1f.js?body=1" for ::1 at 2015-07-29 10:23:31 -0700


Started GET "/assets/application.self-f8806224e027f3e3f0138ea9ce99319e298dfdb323304d1f1be6eae8e8c74724.js?body=1" for ::1 at 2015-07-29 10:23:31 -0700
